<?xml version="1.0" encoding="UTF-8"?>
<testng-results ignored="0" total="2" passed="2" failed="0" skipped="0">
  <reporter-output>
    <line>
      <![CDATA[Keyword entered is : Lambda Test]]>
    </line>
    <line>
      <![CDATA[Search results are displayed.]]>
    </line>
    <line>
      <![CDATA[Keyword entered is : Automation]]>
    </line>
    <line>
      <![CDATA[Search results are displayed.]]>
    </line>
  </reporter-output>
  <suite started-at="2021-03-08T16:38:38 IST" name="Default suite" finished-at="2021-03-08T16:40:25 IST" duration-ms="106269">
    <groups>
    </groups>
    <test started-at="2021-03-08T16:38:38 IST" name="Default test" finished-at="2021-03-08T16:40:25 IST" duration-ms="106269">
      <class name="dataprovider.dataprovide">
        <test-method is-config="true" signature="setUp()[pri:0, instance:dataprovider.dataprovide@2f8dad04]" started-at="2021-03-08T16:38:38 IST" name="setUp" finished-at="2021-03-08T16:38:59 IST" duration-ms="20685" status="PASS">
          <reporter-output>
          </reporter-output>
        </test-method> <!-- setUp -->
        <test-method signature="search(java.lang.String)[pri:0, instance:dataprovider.dataprovide@2f8dad04]" started-at="2021-03-08T16:38:59 IST" name="search" data-provider="test-data" finished-at="2021-03-08T16:39:13 IST" duration-ms="14190" status="PASS">
          <params>
            <param index="0">
              <value>
                <![CDATA[Lambda Test]]>
              </value>
            </param>
          </params>
          <reporter-output>
            <line>
              <![CDATA[Keyword entered is : Lambda Test]]>
            </line>
            <line>
              <![CDATA[Search results are displayed.]]>
            </line>
          </reporter-output>
        </test-method> <!-- search -->
        <test-method is-config="true" signature="burnDown()[pri:0, instance:dataprovider.dataprovide@2f8dad04]" started-at="2021-03-08T16:39:13 IST" name="burnDown" finished-at="2021-03-08T16:39:15 IST" duration-ms="1300" status="PASS">
          <reporter-output>
          </reporter-output>
        </test-method> <!-- burnDown -->
        <test-method is-config="true" signature="setUp()[pri:0, instance:dataprovider.dataprovide@2f8dad04]" started-at="2021-03-08T16:39:15 IST" name="setUp" finished-at="2021-03-08T16:39:44 IST" duration-ms="29666" status="PASS">
          <reporter-output>
          </reporter-output>
        </test-method> <!-- setUp -->
        <test-method signature="search(java.lang.String)[pri:0, instance:dataprovider.dataprovide@2f8dad04]" started-at="2021-03-08T16:39:44 IST" name="search" data-provider="test-data" finished-at="2021-03-08T16:40:24 IST" duration-ms="39583" status="PASS">
          <params>
            <param index="0">
              <value>
                <![CDATA[Automation]]>
              </value>
            </param>
          </params>
          <reporter-output>
            <line>
              <![CDATA[Keyword entered is : Automation]]>
            </line>
            <line>
              <![CDATA[Search results are displayed.]]>
            </line>
          </reporter-output>
        </test-method> <!-- search -->
        <test-method is-config="true" signature="burnDown()[pri:0, instance:dataprovider.dataprovide@2f8dad04]" started-at="2021-03-08T16:40:24 IST" name="burnDown" finished-at="2021-03-08T16:40:25 IST" duration-ms="776" status="PASS">
          <reporter-output>
          </reporter-output>
        </test-method> <!-- burnDown -->
      </class> <!-- dataprovider.dataprovide -->
    </test> <!-- Default test -->
  </suite> <!-- Default suite -->
</testng-results>
