<?xml version="1.0" encoding="UTF-8"?>
<testng-results ignored="0" total="1" passed="1" failed="0" skipped="0">
  <reporter-output>
  </reporter-output>
  <suite started-at="2021-03-04T22:39:44 IST" name="Default suite" finished-at="2021-03-04T22:39:56 IST" duration-ms="11377">
    <groups>
    </groups>
    <test started-at="2021-03-04T22:39:44 IST" name="Default test" finished-at="2021-03-04T22:39:56 IST" duration-ms="11377">
      <class name="framework_setup.NewTest">
        <test-method is-config="true" signature="beforeClass()[pri:0, instance:framework_setup.NewTest@3d1cfad4]" started-at="2021-03-04T22:39:44 IST" name="beforeClass" finished-at="2021-03-04T22:39:44 IST" duration-ms="14" status="PASS">
          <reporter-output>
          </reporter-output>
        </test-method> <!-- beforeClass -->
        <test-method is-config="true" signature="beforeMethod()[pri:0, instance:framework_setup.NewTest@3d1cfad4]" started-at="2021-03-04T22:39:44 IST" name="beforeMethod" finished-at="2021-03-04T22:39:44 IST" duration-ms="0" status="PASS">
          <reporter-output>
          </reporter-output>
        </test-method> <!-- beforeMethod -->
        <test-method signature="f()[pri:0, instance:framework_setup.NewTest@3d1cfad4]" started-at="2021-03-04T22:39:44 IST" name="f" finished-at="2021-03-04T22:39:44 IST" duration-ms="9" status="PASS">
          <reporter-output>
          </reporter-output>
        </test-method> <!-- f -->
        <test-method is-config="true" signature="afterMethod()[pri:0, instance:framework_setup.NewTest@3d1cfad4]" started-at="2021-03-04T22:39:44 IST" name="afterMethod" finished-at="2021-03-04T22:39:44 IST" duration-ms="0" status="PASS">
          <reporter-output>
          </reporter-output>
        </test-method> <!-- afterMethod -->
        <test-method is-config="true" signature="afterClass()[pri:0, instance:framework_setup.NewTest@3d1cfad4]" started-at="2021-03-04T22:39:44 IST" name="afterClass" finished-at="2021-03-04T22:39:56 IST" duration-ms="11291" status="PASS">
          <reporter-output>
          </reporter-output>
        </test-method> <!-- afterClass -->
      </class> <!-- framework_setup.NewTest -->
    </test> <!-- Default test -->
  </suite> <!-- Default suite -->
</testng-results>
